<?xml version="1.0" encoding="UTF-8"?>
<testng-results ignored="0" total="1" passed="1" failed="0" skipped="0">
  <reporter-output>
  </reporter-output>
  <suite started-at="2023-02-08T11:43:27 WAT" name="Default suite" finished-at="2023-02-08T11:43:51 WAT" duration-ms="23996">
    <groups>
    </groups>
    <test started-at="2023-02-08T11:43:27 WAT" name="Default test" finished-at="2023-02-08T11:43:51 WAT" duration-ms="23996">
      <class name="Last.Finale">
        <test-method is-config="true" signature="configureAppium()[pri:0, instance:Last.Finale@18d87d80]" started-at="2023-02-08T11:43:27 WAT" name="configureAppium" finished-at="2023-02-08T11:43:38 WAT" duration-ms="11137" status="PASS">
          <reporter-output>
          </reporter-output>
        </test-method> <!-- configureAppium -->
        <test-method signature="setWifiName()[pri:0, instance:Last.Finale@18d87d80]" started-at="2023-02-08T11:43:38 WAT" name="setWifiName" finished-at="2023-02-08T11:43:51 WAT" duration-ms="12811" status="PASS">
          <reporter-output>
          </reporter-output>
        </test-method> <!-- setWifiName -->
      </class> <!-- Last.Finale -->
    </test> <!-- Default test -->
  </suite> <!-- Default suite -->
</testng-results>
