<?xml version="1.0" encoding="UTF-8"?>
<testng-results ignored="0" total="1" passed="1" failed="0" skipped="0">
  <reporter-output>
  </reporter-output>
  <suite started-at="2023-01-31T22:47:54 WAT" name="Default suite" finished-at="2023-01-31T22:48:20 WAT" duration-ms="25824">
    <groups>
    </groups>
    <test started-at="2023-01-31T22:47:54 WAT" name="Default test" finished-at="2023-01-31T22:48:20 WAT" duration-ms="25824">
      <class name="Last.Finale">
        <test-method signature="AppiumTest()[pri:0, instance:Last.Finale@10feca44]" started-at="2023-01-31T22:47:54 WAT" name="AppiumTest" finished-at="2023-01-31T22:48:20 WAT" duration-ms="25545" status="PASS">
          <reporter-output>
          </reporter-output>
        </test-method> <!-- AppiumTest -->
      </class> <!-- Last.Finale -->
    </test> <!-- Default test -->
  </suite> <!-- Default suite -->
</testng-results>
